{"C:\\Users\\vasco\\OneDrive\\Área de Trabalho\\a\\crud-api-users\\src\\services\\userService.js": {"path":"C:\\Users\\vasco\\OneDrive\\Área de Trabalho\\a\\crud-api-users\\src\\services\\userService.js","statementMap":{"0":{"start":{"line":4,"column":0},"end":{"line":10,"column":4}},"1":{"start":{"line":4,"column":40},"end":{"line":10,"column":1}},"2":{"start":{"line":12,"column":20},"end":{"line":12,"column":54}},"3":{"start":{"line":13,"column":18},"end":{"line":13,"column":48}},"4":{"start":{"line":15,"column":0},"end":{"line":17,"column":3}},"5":{"start":{"line":16,"column":2},"end":{"line":16,"column":23}},"6":{"start":{"line":20,"column":0},"end":{"line":28,"column":3}},"7":{"start":{"line":21,"column":23},"end":{"line":21,"column":53}},"8":{"start":{"line":22,"column":2},"end":{"line":22,"column":56}},"9":{"start":{"line":24,"column":20},"end":{"line":24,"column":51}},"10":{"start":{"line":26,"column":2},"end":{"line":26,"column":42}},"11":{"start":{"line":27,"column":2},"end":{"line":27,"column":57}},"12":{"start":{"line":31,"column":0},"end":{"line":39,"column":3}},"13":{"start":{"line":32,"column":25},"end":{"line":32,"column":53}},"14":{"start":{"line":33,"column":2},"end":{"line":33,"column":58}},"15":{"start":{"line":35,"column":20},"end":{"line":35,"column":52}},"16":{"start":{"line":37,"column":2},"end":{"line":37,"column":44}},"17":{"start":{"line":38,"column":2},"end":{"line":38,"column":56}},"18":{"start":{"line":42,"column":0},"end":{"line":51,"column":3}},"19":{"start":{"line":43,"column":21},"end":{"line":43,"column":59}},"20":{"start":{"line":44,"column":2},"end":{"line":44,"column":67}},"21":{"start":{"line":46,"column":20},"end":{"line":46,"column":60}},"22":{"start":{"line":48,"column":2},"end":{"line":48,"column":37}},"23":{"start":{"line":49,"column":2},"end":{"line":49,"column":42}},"24":{"start":{"line":50,"column":2},"end":{"line":50,"column":64}},"25":{"start":{"line":54,"column":0},"end":{"line":62,"column":3}},"26":{"start":{"line":55,"column":18},"end":{"line":55,"column":42}},"27":{"start":{"line":56,"column":2},"end":{"line":56,"column":47}},"28":{"start":{"line":58,"column":20},"end":{"line":58,"column":60}},"29":{"start":{"line":60,"column":2},"end":{"line":60,"column":31}},"30":{"start":{"line":61,"column":2},"end":{"line":61,"column":64}},"31":{"start":{"line":65,"column":0},"end":{"line":72,"column":3}},"32":{"start":{"line":66,"column":2},"end":{"line":66,"column":47}},"33":{"start":{"line":68,"column":20},"end":{"line":68,"column":51}},"34":{"start":{"line":70,"column":2},"end":{"line":70,"column":31}},"35":{"start":{"line":71,"column":2},"end":{"line":71,"column":55}}},"fnMap":{"0":{"name":"(anonymous_0)","decl":{"start":{"line":4,"column":33},"end":{"line":4,"column":34}},"loc":{"start":{"line":4,"column":40},"end":{"line":10,"column":1}},"line":4},"1":{"name":"(anonymous_1)","decl":{"start":{"line":15,"column":11},"end":{"line":15,"column":12}},"loc":{"start":{"line":15,"column":17},"end":{"line":17,"column":1}},"line":15},"2":{"name":"(anonymous_2)","decl":{"start":{"line":20,"column":60},"end":{"line":20,"column":61}},"loc":{"start":{"line":20,"column":72},"end":{"line":28,"column":1}},"line":20},"3":{"name":"(anonymous_3)","decl":{"start":{"line":31,"column":62},"end":{"line":31,"column":63}},"loc":{"start":{"line":31,"column":74},"end":{"line":39,"column":1}},"line":31},"4":{"name":"(anonymous_4)","decl":{"start":{"line":42,"column":57},"end":{"line":42,"column":58}},"loc":{"start":{"line":42,"column":69},"end":{"line":51,"column":1}},"line":42},"5":{"name":"(anonymous_5)","decl":{"start":{"line":54,"column":63},"end":{"line":54,"column":64}},"loc":{"start":{"line":54,"column":75},"end":{"line":62,"column":1}},"line":54},"6":{"name":"(anonymous_6)","decl":{"start":{"line":65,"column":61},"end":{"line":65,"column":62}},"loc":{"start":{"line":65,"column":73},"end":{"line":72,"column":1}},"line":65}},"branchMap":{},"s":{"0":1,"1":1,"2":1,"3":1,"4":1,"5":7,"6":1,"7":1,"8":1,"9":1,"10":0,"11":0,"12":1,"13":1,"14":1,"15":1,"16":0,"17":0,"18":1,"19":1,"20":1,"21":1,"22":0,"23":0,"24":0,"25":1,"26":1,"27":1,"28":1,"29":0,"30":0,"31":1,"32":1,"33":1,"34":0,"35":0},"f":{"0":1,"1":7,"2":1,"3":1,"4":1,"5":1,"6":1},"b":{},"_coverageSchema":"1a1c01bbd47fc00a2c39e90264f33305004495a9","hash":"c3973bdf87dfa8ea3891c17f1c3f2444a707b2a7"}
}
