TN:
SF:src\services\userService.js
FN:4,(anonymous_0)
FN:15,(anonymous_1)
FN:20,(anonymous_2)
FN:31,(anonymous_3)
FN:42,(anonymous_4)
FN:54,(anonymous_5)
FN:65,(anonymous_6)
FNF:7
FNH:7
FNDA:1,(anonymous_0)
FNDA:7,(anonymous_1)
FNDA:1,(anonymous_2)
FNDA:1,(anonymous_3)
FNDA:1,(anonymous_4)
FNDA:1,(anonymous_5)
FNDA:1,(anonymous_6)
DA:4,1
DA:12,1
DA:13,1
DA:15,1
DA:16,7
DA:20,1
DA:21,1
DA:22,1
DA:24,1
DA:26,0
DA:27,0
DA:31,1
DA:32,1
DA:33,1
DA:35,1
DA:37,0
DA:38,0
DA:42,1
DA:43,1
DA:44,1
DA:46,1
DA:48,0
DA:49,0
DA:50,0
DA:54,1
DA:55,1
DA:56,1
DA:58,1
DA:60,0
DA:61,0
DA:65,1
DA:66,1
DA:68,1
DA:70,0
DA:71,0
LF:35
LH:24
BRF:0
BRH:0
end_of_record
